/opt/anaconda3/lib/python3.7/site-packages/tensorboard/compat/tensorflow_stub/dtypes.py:541: FutureWarning: Passing (type, 1) or '1type' as a synonym of type is deprecated; in a future version of numpy, it will be understood as (type, (1,)) / '(1,)type'.
  _np_qint8 = np.dtype([("qint8", np.int8, 1)])
/opt/anaconda3/lib/python3.7/site-packages/tensorboard/compat/tensorflow_stub/dtypes.py:542: FutureWarning: Passing (type, 1) or '1type' as a synonym of type is deprecated; in a future version of numpy, it will be understood as (type, (1,)) / '(1,)type'.
  _np_quint8 = np.dtype([("quint8", np.uint8, 1)])
/opt/anaconda3/lib/python3.7/site-packages/tensorboard/compat/tensorflow_stub/dtypes.py:543: FutureWarning: Passing (type, 1) or '1type' as a synonym of type is deprecated; in a future version of numpy, it will be understood as (type, (1,)) / '(1,)type'.
  _np_qint16 = np.dtype([("qint16", np.int16, 1)])
/opt/anaconda3/lib/python3.7/site-packages/tensorboard/compat/tensorflow_stub/dtypes.py:544: FutureWarning: Passing (type, 1) or '1type' as a synonym of type is deprecated; in a future version of numpy, it will be understood as (type, (1,)) / '(1,)type'.
  _np_quint16 = np.dtype([("quint16", np.uint16, 1)])
/opt/anaconda3/lib/python3.7/site-packages/tensorboard/compat/tensorflow_stub/dtypes.py:545: FutureWarning: Passing (type, 1) or '1type' as a synonym of type is deprecated; in a future version of numpy, it will be understood as (type, (1,)) / '(1,)type'.
  _np_qint32 = np.dtype([("qint32", np.int32, 1)])
/opt/anaconda3/lib/python3.7/site-packages/tensorboard/compat/tensorflow_stub/dtypes.py:550: FutureWarning: Passing (type, 1) or '1type' as a synonym of type is deprecated; in a future version of numpy, it will be understood as (type, (1,)) / '(1,)type'.
  np_resource = np.dtype([("resource", np.ubyte, 1)])
Traceback (most recent call last):
  File "train_quant.py", line 8, in <module>
    import torchvision.transforms as transforms
  File "/opt/anaconda3/lib/python3.7/site-packages/torchvision/__init__.py", line 4, in <module>
    from torchvision import datasets
  File "/opt/anaconda3/lib/python3.7/site-packages/torchvision/datasets/__init__.py", line 9, in <module>
    from .fakedata import FakeData
  File "/opt/anaconda3/lib/python3.7/site-packages/torchvision/datasets/fakedata.py", line 3, in <module>
    from .. import transforms
  File "/opt/anaconda3/lib/python3.7/site-packages/torchvision/transforms/__init__.py", line 1, in <module>
    from .transforms import *
  File "/opt/anaconda3/lib/python3.7/site-packages/torchvision/transforms/transforms.py", line 17, in <module>
    from . import functional as F
  File "/opt/anaconda3/lib/python3.7/site-packages/torchvision/transforms/functional.py", line 5, in <module>
    from PIL import Image, ImageOps, ImageEnhance, PILLOW_VERSION
ImportError: cannot import name 'PILLOW_VERSION' from 'PIL' (/opt/anaconda3/lib/python3.7/site-packages/PIL/__init__.py)
